<?xml version="1.0" encoding="UTF-8"?>
<testsuite name="upei.project.MainTest" tests="2" skipped="0" failures="0" errors="0" timestamp="2025-09-16T17:39:52" hostname="D28D" time="0.003">
  <properties/>
  <testcase name="testMainConstructor()" classname="upei.project.MainTest" time="0.002"/>
  <testcase name="testSetExampleVar()" classname="upei.project.MainTest" time="0.001"/>
  <system-out><![CDATA[]]></system-out>
  <system-err><![CDATA[]]></system-err>
</testsuite>
