<?xml version="1.0" encoding="UTF-8"?>
<testsuite name="upei.project.TreasureTypeTest" tests="4" skipped="0" failures="0" errors="0" timestamp="2025-09-16T17:39:52" hostname="D28D" time="0.007">
  <properties/>
  <testcase name="predefinedTreasureTypesAreCorrect()" classname="upei.project.TreasureTypeTest" time="0.0"/>
  <testcase name="treasureRegistryLookupIsCaseInsensitive()" classname="upei.project.TreasureTypeTest" time="0.002"/>
  <testcase name="toStringProvidesCorrectRepresentation()" classname="upei.project.TreasureTypeTest" time="0.001"/>
  <testcase name="treasureRegistryContainsPredefinedTreasures()" classname="upei.project.TreasureTypeTest" time="0.001"/>
  <system-out><![CDATA[]]></system-out>
  <system-err><![CDATA[]]></system-err>
</testsuite>
