<?xml version="1.0" encoding="UTF-8"?>
<testsuite name="upei.project.AdventureTokenTest" tests="3" skipped="0" failures="0" errors="0" timestamp="2025-09-16T17:39:52" hostname="D28D" time="0.008">
  <properties/>
  <testcase name="testGetTitle()" classname="upei.project.AdventureTokenTest" time="0.002"/>
  <testcase name="testTitleChange()" classname="upei.project.AdventureTokenTest" time="0.001"/>
  <testcase name="testActivateMethod()" classname="upei.project.AdventureTokenTest" time="0.001"/>
  <system-out><![CDATA[]]></system-out>
  <system-err><![CDATA[]]></system-err>
</testsuite>
