<?xml version="1.0" encoding="UTF-8"?>
<testsuite name="upei.project.RelicTokenTest" tests="2" skipped="0" failures="0" errors="0" timestamp="2025-09-16T17:39:52" hostname="D28D" time="0.003">
  <properties/>
  <testcase name="performActionAddsBonusPoints()" classname="upei.project.RelicTokenTest" time="0.001"/>
  <testcase name="performActionPrintsCorrectMessage()" classname="upei.project.RelicTokenTest" time="0.001"/>
  <system-out><![CDATA[Alice discovered a Relic token.... ! 5 bonus points awarded.
]]></system-out>
  <system-err><![CDATA[]]></system-err>
</testsuite>
