<?xml version="1.0" encoding="UTF-8"?>
<testsuite name="upei.project.TreasureTokenTest" tests="4" skipped="0" failures="0" errors="0" timestamp="2025-09-16T17:39:52" hostname="D28D" time="0.011">
  <properties/>
  <testcase name="treasureTokenInitialization()" classname="upei.project.TreasureTokenTest" time="0.001"/>
  <testcase name="performActionWithRubyToken()" classname="upei.project.TreasureTokenTest" time="0.001"/>
  <testcase name="performActionWithDiamondToken()" classname="upei.project.TreasureTokenTest" time="0.001"/>
  <testcase name="toStringRepresentation()" classname="upei.project.TreasureTokenTest" time="0.004"/>
  <system-out><![CDATA[]]></system-out>
  <system-err><![CDATA[]]></system-err>
</testsuite>
