<?xml version="1.0" encoding="UTF-8"?>
<testsuite name="upei.project.TrapTokenTest" tests="4" skipped="0" failures="0" errors="0" timestamp="2025-09-16T17:39:52" hostname="D28D" time="0.005">
  <properties/>
  <testcase name="trapTokenPerformsAction()" classname="upei.project.TrapTokenTest" time="0.001"/>
  <testcase name="testTrapNameAndDescription()" classname="upei.project.TrapTokenTest" time="0.001"/>
  <testcase name="allTrapTokensHaveDescriptions()" classname="upei.project.TrapTokenTest" time="0.0"/>
  <testcase name="trapTokenOutputsCorrectMessage()" classname="upei.project.TrapTokenTest" time="0.001"/>
  <system-out><![CDATA[Explorer strides boldly into the cave
Explorer encountered a trap: SNAKES! Venomous snakes slither in the darkness!
Disaster! Explorer was forced out of the cave and lost all their loot!
]]></system-out>
  <system-err><![CDATA[]]></system-err>
</testsuite>
